{"meta": {"format": 2, "version": "7.4.1", "timestamp": "2025-10-29T16:45:55.157290", "branch_coverage": false, "show_contexts": false}, "files": {"strategies/__init__.py": {"executed_lines": [1, 11, 12, 13, 15, 17], "summary": {"covered_lines": 5, "num_statements": 5, "percent_covered": 100.0, "percent_covered_display": "100.00", "missing_lines": 0, "excluded_lines": 0}, "missing_lines": [], "excluded_lines": []}, "strategies/adapters/__init__.py": {"executed_lines": [1, 5, 7], "summary": {"covered_lines": 2, "num_statements": 2, "percent_covered": 100.0, "percent_covered_display": "100.00", "missing_lines": 0, "excluded_lines": 0}, "missing_lines": [], "excluded_lines": []}, "strategies/adapters/signal_adapter.py": {"executed_lines": [1, 8, 9, 10, 12, 15, 41, 48, 57, 58, 61, 107, 110, 120, 121, 122, 123, 124, 125, 127, 130, 147, 148, 149, 150, 152, 155, 167, 168, 169, 170, 172, 175, 187, 188, 189, 190, 192], "summary": {"covered_lines": 37, "num_statements": 37, "percent_covered": 100.0, "percent_covered_display": "100.00", "missing_lines": 0, "excluded_lines": 0}, "missing_lines": [], "excluded_lines": []}, "strategies/api/__init__.py": {"executed_lines": [1, 2, 3, 5], "summary": {"covered_lines": 3, "num_statements": 3, "percent_covered": 100.0, "percent_covered_display": "100.00", "missing_lines": 0, "excluded_lines": 0}, "missing_lines": [], "excluded_lines": []}, "strategies/api/config_routes.py": {"executed_lines": [1, 8, 9, 11, 13, 21, 26, 28, 31, 34, 37, 40, 43, 45, 46, 50, 53, 92, 100, 101, 102, 104, 106, 111, 112, 113, 118, 142, 153, 154, 155, 157, 158, 167, 168, 169, 170, 185, 190, 191, 192, 197, 210, 214, 215, 216, 218, 219, 227, 243, 263, 267, 268, 269, 271, 282, 290, 291, 292, 297, 316, 321, 322, 323, 325, 336, 351, 387, 392, 393, 395, 404, 405, 414, 415, 424, 435, 450, 482, 488, 489, 491, 500, 510, 520, 531, 546, 559, 565, 566, 568, 572, 573, 582, 594, 606, 613, 614, 616, 623, 633, 645, 667, 673, 674, 676, 680, 695, 707, 725, 727, 728, 729, 731, 738, 739, 740], "summary": {"covered_lines": 116, "num_statements": 140, "percent_covered": 82.85714285714286, "percent_covered_display": "82.86", "missing_lines": 24, "excluded_lines": 0}, "missing_lines": [236, 237, 238, 344, 345, 346, 443, 444, 445, 501, 511, 539, 540, 541, 587, 588, 589, 624, 638, 639, 640, 700, 701, 702], "excluded_lines": []}, "strategies/api/metrics_routes.py": {"executed_lines": [1, 11, 12, 14, 16, 18, 20, 23, 26, 29, 32, 34, 35, 39, 42, 65, 69, 70, 71, 73, 74, 80, 141, 143, 144, 145, 148, 175, 180, 181, 182, 187, 188, 190, 191, 197, 198, 200, 222, 223, 224, 225, 226, 229, 253, 255, 256, 257, 258, 260, 261, 262, 265, 282, 304, 305, 306, 309, 310, 311, 319, 335, 336, 337, 340, 341, 345, 351, 352, 353, 357, 360, 361, 362, 363, 364, 365, 367, 368, 371, 374, 376, 400, 401, 402], "summary": {"covered_lines": 84, "num_statements": 87, "percent_covered": 96.55172413793103, "percent_covered_display": "96.55", "missing_lines": 3, "excluded_lines": 0}, "missing_lines": [142, 346, 366], "excluded_lines": []}, "strategies/api/response_models.py": {"executed_lines": [1, 7, 9, 12, 13, 15, 16, 17, 18, 21, 22, 24, 25, 26, 27, 28, 31, 34, 35, 38, 39, 41, 44, 47, 50, 55, 56, 58, 59, 60, 61, 62, 63, 64, 67, 70, 71, 73, 74, 75, 76, 77, 80, 83, 84, 86, 87, 88, 89, 90, 93, 96, 97, 98], "summary": {"covered_lines": 47, "num_statements": 47, "percent_covered": 100.0, "percent_covered_display": "100.00", "missing_lines": 0, "excluded_lines": 0}, "missing_lines": [], "excluded_lines": []}, "strategies/core/__init__.py": {"executed_lines": [1, 8, 9, 10, 12], "summary": {"covered_lines": 4, "num_statements": 4, "percent_covered": 100.0, "percent_covered_display": "100.00", "missing_lines": 0, "excluded_lines": 0}, "missing_lines": [], "excluded_lines": []}, "strategies/core/consumer.py": {"executed_lines": [1, 8, 9, 10, 11, 12, 14, 15, 16, 17, 18, 21, 22, 29, 30, 31, 32, 33, 34, 35, 36, 43, 44, 51, 54, 55, 57, 68, 69, 70, 71, 72, 73, 74, 77, 78, 81, 88, 89, 90, 91, 92, 95, 96, 97, 100, 101, 108, 109, 110, 113, 120, 121, 124, 131, 143, 144, 145, 148, 155, 156, 159, 166, 198, 243, 265, 286, 294, 319, 321, 322, 323, 325, 327, 328, 331, 332, 341, 346, 348, 349, 350, 351, 356, 357, 371, 372, 375, 378, 381, 382, 383, 388, 391, 394, 395, 396, 398, 405, 407, 409, 415, 417, 419, 420, 425, 426, 428, 432, 434, 435, 437, 441, 442, 447, 451, 457, 461, 462, 463, 469, 470, 471, 472, 488, 490, 492, 495, 496, 497, 498, 499, 501, 502, 503, 504, 505, 507, 520, 522, 525, 541, 573, 575, 577, 578, 579, 580, 589, 594, 596, 598, 603, 604, 607, 608, 611, 613, 621, 623, 629, 633, 634, 636, 639, 641, 643, 645, 648, 650, 667, 670, 672, 677, 685, 686, 687, 690, 692, 695, 696, 698, 699, 705, 707, 708, 737, 744, 769, 837, 839, 842, 846, 847, 850, 854, 867], "summary": {"covered_lines": 195, "num_statements": 339, "percent_covered": 57.52212389380531, "percent_covered_display": "57.52", "missing_lines": 144, "excluded_lines": 0}, "missing_lines": [23, 25, 26, 132, 135, 168, 175, 177, 180, 183, 184, 187, 194, 195, 196, 200, 208, 209, 212, 213, 214, 221, 222, 223, 224, 229, 230, 236, 245, 246, 247, 254, 261, 262, 263, 267, 269, 274, 282, 283, 284, 288, 289, 290, 291, 292, 296, 302, 303, 305, 306, 307, 312, 313, 315, 333, 334, 338, 358, 361, 362, 368, 438, 443, 453, 454, 455, 473, 474, 476, 477, 479, 480, 486, 516, 517, 518, 537, 538, 539, 543, 544, 569, 570, 571, 581, 582, 584, 591, 592, 626, 627, 656, 657, 663, 664, 665, 675, 700, 703, 709, 710, 711, 714, 716, 719, 721, 723, 724, 725, 728, 730, 731, 738, 740, 741, 742, 750, 751, 753, 756, 758, 766, 767, 776, 777, 778, 779, 781, 784, 787, 790, 793, 795, 796, 799, 800, 803, 824, 835, 843, 856, 869, 877], "excluded_lines": []}, "strategies/core/processor.py": {"executed_lines": [1, 2, 3, 4, 5, 6], "summary": {"covered_lines": 6, "num_statements": 6, "percent_covered": 100.0, "percent_covered_display": "100.00", "missing_lines": 0, "excluded_lines": 0}, "missing_lines": [], "excluded_lines": []}, "strategies/core/publisher.py": {"executed_lines": [1, 7, 8, 9, 10, 12, 13, 14, 17, 18, 25, 26, 27, 28, 31, 32, 34, 41, 42, 43, 46, 49, 56, 57, 58, 59, 60, 61, 64, 65, 66, 69, 70, 71, 73, 75, 81, 83, 96, 97, 98, 100, 102, 110, 111, 114, 115, 116, 117, 129, 136, 138, 139, 140, 154, 155, 156, 158, 202, 204, 205, 207, 209, 210, 211, 213, 214, 217, 218, 224, 225, 226, 231, 233, 248, 301, 368, 377, 379, 381, 384, 385, 388, 394, 395, 396, 399, 401, 413, 414, 421, 422, 424, 426, 429, 433, 434, 437, 441, 443, 456, 477], "summary": {"covered_lines": 100, "num_statements": 165, "percent_covered": 60.60606060606061, "percent_covered_display": "60.61", "missing_lines": 65, "excluded_lines": 0}, "missing_lines": [19, 21, 22, 86, 87, 90, 122, 123, 147, 160, 167, 168, 170, 171, 174, 178, 180, 183, 184, 186, 188, 190, 193, 195, 196, 197, 198, 200, 240, 241, 246, 250, 251, 253, 255, 258, 261, 271, 280, 282, 283, 288, 291, 303, 304, 306, 308, 310, 311, 314, 320, 321, 322, 325, 328, 338, 347, 349, 350, 355, 358, 430, 458, 465, 479], "excluded_lines": []}, "strategies/db/__init__.py": {"executed_lines": [1, 5, 7], "summary": {"covered_lines": 2, "num_statements": 2, "percent_covered": 100.0, "percent_covered_display": "100.00", "missing_lines": 0, "excluded_lines": 0}, "missing_lines": [], "excluded_lines": []}, "strategies/db/mongodb_client.py": {"executed_lines": [1, 13, 14, 15, 16, 18, 19, 22, 23, 26, 27, 28, 30, 33, 34, 47, 90, 139, 150, 176, 177, 181, 198, 223, 253, 303, 363, 388, 416, 441, 476, 502], "summary": {"covered_lines": 30, "num_statements": 214, "percent_covered": 14.018691588785046, "percent_covered_display": "14.02", "missing_lines": 184, "excluded_lines": 0}, "missing_lines": [25, 67, 69, 71, 72, 73, 74, 75, 76, 79, 80, 81, 82, 83, 84, 86, 87, 88, 97, 98, 99, 100, 102, 103, 115, 117, 118, 120, 126, 128, 130, 131, 132, 133, 134, 135, 136, 137, 141, 142, 143, 145, 146, 147, 148, 152, 154, 159, 164, 167, 171, 173, 174, 179, 188, 189, 191, 192, 193, 194, 195, 196, 208, 209, 211, 212, 214, 215, 218, 219, 220, 221, 236, 237, 239, 240, 242, 243, 246, 247, 248, 251, 267, 268, 270, 271, 272, 280, 281, 282, 283, 285, 286, 288, 292, 293, 294, 296, 297, 299, 300, 301, 322, 323, 325, 326, 327, 336, 337, 338, 339, 341, 342, 344, 350, 351, 352, 354, 355, 357, 358, 361, 373, 374, 376, 377, 380, 381, 382, 383, 384, 385, 386, 399, 400, 402, 403, 406, 407, 408, 409, 410, 411, 414, 426, 427, 429, 430, 431, 432, 436, 437, 438, 439, 455, 456, 458, 459, 460, 461, 463, 469, 470, 472, 473, 474, 483, 484, 486, 487, 490, 495, 496, 498, 499, 500, 512, 513, 515, 516, 519, 520, 521, 522], "excluded_lines": []}, "strategies/health/__init__.py": {"executed_lines": [1, 7, 9], "summary": {"covered_lines": 2, "num_statements": 2, "percent_covered": 100.0, "percent_covered_display": "100.00", "missing_lines": 0, "excluded_lines": 0}, "missing_lines": [], "excluded_lines": []}, "strategies/health/server.py": {"executed_lines": [1, 8, 9, 10, 11, 12, 14, 15, 16, 17, 18, 26, 27, 31, 37, 42, 45, 48, 51, 54, 57, 58, 59, 60, 65, 66, 68, 79, 80, 81, 82, 83, 84, 85, 88, 89, 122, 130, 131, 133, 134, 139, 140, 143, 144, 147, 148, 149, 152, 161, 163, 166, 167, 171, 172, 176, 177, 179, 181, 182, 184, 186, 187, 189, 204, 206, 208, 210, 217, 220, 221, 224, 226, 228, 229, 230, 232, 234, 236, 238, 239, 240, 242, 244, 245, 249, 291, 323, 325, 327, 331, 332, 334, 335, 338, 339, 342, 343, 344, 346, 347, 352, 358, 359, 360, 364, 400, 402, 403, 435, 437, 438, 439, 443, 445, 446, 448, 449, 450, 456, 458, 459, 461, 462, 468, 470, 472, 474, 476, 478, 480, 482, 485, 486, 487, 488, 489, 490, 493, 494, 495, 496, 501, 502, 503, 507], "summary": {"covered_lines": 144, "num_statements": 210, "percent_covered": 68.57142857142857, "percent_covered_display": "68.57", "missing_lines": 66, "excluded_lines": 0}, "missing_lines": [92, 93, 95, 96, 97, 100, 101, 102, 104, 109, 110, 111, 113, 117, 135, 136, 169, 174, 246, 247, 251, 253, 254, 256, 259, 268, 270, 280, 282, 283, 285, 287, 288, 289, 293, 295, 298, 305, 307, 314, 315, 317, 319, 320, 321, 328, 329, 354, 366, 367, 394, 396, 397, 398, 451, 452, 453, 454, 463, 464, 465, 466, 497, 498, 504, 505], "excluded_lines": []}, "strategies/main.py": {"executed_lines": [2, 9, 10, 11, 12, 13, 15, 16, 19, 20, 22, 23, 24, 25, 26, 27, 30, 31, 33, 34, 43, 47, 49, 52, 53, 55, 57, 61, 62, 64, 68, 69, 70, 71, 72, 73, 74, 76, 198, 200, 206, 207, 208, 213, 214, 215, 220, 221, 222, 227, 228, 229, 234, 235, 236, 240, 243, 245, 246, 247, 250, 251, 265, 266, 267, 268, 269, 270, 271, 272, 275, 276, 279, 280, 282, 283, 284, 285, 286, 287, 288, 291, 292, 311, 312, 319, 320, 322, 323, 324, 325, 326, 327, 328, 329, 330, 331, 332, 333, 334, 335, 338, 339, 377], "summary": {"covered_lines": 102, "num_statements": 173, "percent_covered": 58.959537572254334, "percent_covered_display": "58.96", "missing_lines": 71, "excluded_lines": 2}, "missing_lines": [44, 65, 66, 78, 86, 88, 89, 90, 92, 98, 102, 103, 110, 115, 124, 133, 134, 141, 146, 149, 152, 161, 162, 169, 172, 177, 178, 185, 188, 190, 191, 194, 196, 294, 296, 297, 300, 301, 302, 304, 305, 306, 307, 308, 314, 316, 341, 343, 345, 348, 349, 350, 351, 352, 353, 354, 355, 356, 359, 360, 361, 362, 365, 366, 367, 369, 370, 371, 372, 373, 374], "excluded_lines": [377, 378]}, "strategies/market_logic/__init__.py": {"executed_lines": [1, 9, 10, 11, 12, 13, 15], "summary": {"covered_lines": 6, "num_statements": 6, "percent_covered": 100.0, "percent_covered_display": "100.00", "missing_lines": 0, "excluded_lines": 0}, "missing_lines": [], "excluded_lines": []}, "strategies/market_logic/btc_dominance.py": {"executed_lines": [1, 14, 15, 16, 18, 20, 21, 22, 25, 26, 33, 35, 38, 39, 40, 41, 42, 47, 48, 49, 50, 53, 54, 56, 62, 74, 76, 79, 80, 81, 106, 108, 109, 111, 112, 115, 116, 118, 121, 134, 141, 143, 144, 145, 147, 148, 179, 202, 218, 324, 341, 362, 406], "summary": {"covered_lines": 51, "num_statements": 148, "percent_covered": 34.45945945945946, "percent_covered_display": "34.46", "missing_lines": 97, "excluded_lines": 0}, "missing_lines": [84, 87, 91, 92, 93, 100, 102, 103, 104, 117, 119, 122, 124, 127, 128, 150, 151, 154, 155, 158, 164, 165, 166, 169, 170, 172, 173, 175, 176, 177, 183, 187, 188, 191, 193, 194, 197, 200, 204, 206, 208, 211, 212, 227, 228, 229, 230, 233, 234, 236, 239, 240, 244, 261, 262, 267, 285, 286, 288, 289, 304, 319, 320, 322, 326, 327, 330, 331, 334, 335, 336, 337, 339, 343, 344, 346, 347, 350, 354, 355, 357, 358, 360, 375, 376, 377, 378, 380, 383, 384, 385, 386, 387, 388, 389, 391, 408], "excluded_lines": []}, "strategies/market_logic/cross_exchange_spread.py": {"executed_lines": [1, 13, 14, 15, 16, 18, 19, 21, 22, 23, 26, 27, 34, 36, 39, 40, 41, 42, 45, 46, 47, 50, 57, 58, 59, 61, 67, 79, 81, 84, 87, 89, 98, 106, 108, 109, 112, 113, 115, 118, 127, 133, 134, 137, 138, 139, 140, 142, 143, 148, 152, 153, 156, 158, 159, 160, 161, 162, 163, 164, 165, 192, 200, 201, 204, 206, 207, 293, 295, 296, 297, 299, 300, 304, 306, 308, 337, 349, 387], "summary": {"covered_lines": 77, "num_statements": 134, "percent_covered": 57.46268656716418, "percent_covered_display": "57.46", "missing_lines": 57, "excluded_lines": 0}, "missing_lines": [90, 91, 92, 100, 101, 104, 114, 116, 119, 120, 145, 146, 172, 174, 175, 176, 177, 178, 179, 180, 181, 182, 189, 190, 210, 213, 217, 218, 221, 224, 229, 231, 232, 234, 239, 264, 288, 289, 291, 316, 317, 319, 320, 327, 330, 331, 343, 344, 346, 347, 364, 365, 366, 367, 369, 371, 389], "excluded_lines": []}, "strategies/market_logic/defaults.py": {"executed_lines": [1, 9, 15, 114, 538, 593, 603, 606, 616, 619, 629, 640, 642, 645, 658, 659, 663, 665, 666, 667, 668, 670, 671, 674, 675, 676, 677, 678, 679, 680, 683, 688, 689, 690, 693, 694, 698], "summary": {"covered_lines": 36, "num_statements": 41, "percent_covered": 87.8048780487805, "percent_covered_display": "87.80", "missing_lines": 5, "excluded_lines": 0}, "missing_lines": [661, 681, 682, 684, 685], "excluded_lines": []}, "strategies/market_logic/iceberg_detector.py": {"executed_lines": [1, 13, 14, 15, 17, 19, 20, 22, 25, 26, 45, 75, 76, 77, 78, 79, 80, 81, 82, 83, 86, 95, 98, 99, 101, 109, 128, 129, 132, 133, 136, 139, 142, 148, 149, 152, 153, 154, 164, 165, 167, 168, 170, 172, 177, 178, 180, 181, 182, 183, 190, 193, 195, 196, 197, 198, 200, 201, 202, 207, 208, 209, 217, 218, 220, 222, 223, 224, 227, 228, 229, 232, 260, 262, 273, 275, 277, 279], "summary": {"covered_lines": 76, "num_statements": 80, "percent_covered": 95.0, "percent_covered_display": "95.00", "missing_lines": 4, "excluded_lines": 0}, "missing_lines": [204, 210, 211, 213], "excluded_lines": []}, "strategies/market_logic/onchain_metrics.py": {"executed_lines": [1, 14, 15, 16, 18, 20, 21, 22, 25, 26, 33, 68, 107, 138, 161, 184, 196, 239, 308, 314, 412, 420, 462], "summary": {"covered_lines": 21, "num_statements": 157, "percent_covered": 13.375796178343949, "percent_covered_display": "13.38", "missing_lines": 136, "excluded_lines": 0}, "missing_lines": [35, 38, 41, 42, 45, 46, 47, 50, 57, 58, 59, 60, 62, 82, 83, 86, 87, 88, 91, 93, 94, 95, 101, 103, 104, 105, 113, 114, 117, 120, 122, 125, 130, 131, 133, 135, 136, 144, 147, 148, 149, 151, 167, 170, 171, 172, 174, 186, 187, 189, 192, 193, 194, 204, 207, 208, 209, 210, 211, 212, 214, 216, 217, 220, 221, 222, 225, 226, 227, 230, 234, 235, 237, 241, 243, 244, 246, 247, 248, 252, 253, 256, 257, 263, 269, 274, 275, 276, 280, 281, 287, 293, 298, 299, 300, 302, 304, 305, 306, 310, 311, 312, 327, 328, 329, 332, 337, 338, 339, 342, 346, 364, 365, 366, 367, 371, 389, 392, 394, 410, 414, 415, 417, 418, 433, 434, 435, 436, 438, 441, 442, 443, 444, 445, 447, 464], "excluded_lines": []}, "strategies/market_logic/spread_liquidity.py": {"executed_lines": [1, 13, 14, 15, 16, 18, 20, 21, 23, 26, 27, 46, 74, 75, 76, 77, 78, 79, 80, 81, 84, 89, 90, 93, 96, 97, 99, 107, 126, 127, 130, 131, 134, 135, 136, 139, 142, 143, 146, 149, 150, 151, 154, 155, 156, 157, 159, 161, 169, 171, 172, 175, 176, 179, 182, 183, 184, 187, 188, 189, 191, 208, 210, 213, 218, 223, 224, 226, 229, 231, 232, 235, 238, 239, 244, 245, 246, 248, 259, 263, 264, 268, 304, 305, 306, 313, 319, 335, 337, 339, 343, 345, 347, 348, 352, 354, 355, 357, 359, 364, 365, 375, 378, 381, 382, 383, 388, 389, 390, 397, 399, 403, 404, 407, 435, 437, 447, 449, 451], "summary": {"covered_lines": 117, "num_statements": 139, "percent_covered": 84.1726618705036, "percent_covered_display": "84.17", "missing_lines": 22, "excluded_lines": 0}, "missing_lines": [204, 205, 206, 269, 270, 273, 279, 281, 299, 301, 366, 367, 368, 373, 379, 380, 385, 391, 392, 394, 400, 401], "excluded_lines": []}, "strategies/models/__init__.py": {"executed_lines": [1, 8, 9, 10, 12], "summary": {"covered_lines": 4, "num_statements": 4, "percent_covered": 100.0, "percent_covered_display": "100.00", "missing_lines": 0, "excluded_lines": 0}, "missing_lines": [], "excluded_lines": []}, "strategies/models/market_data.py": {"executed_lines": [1, 8, 9, 11, 14, 15, 17, 18, 20, 21, 23, 24, 25, 26, 27, 30, 31, 33, 34, 35, 36, 37, 38, 40, 41, 43, 44, 45, 47, 48, 50, 52, 53, 55, 56, 58, 59, 60, 62, 63, 65, 66, 68, 69, 70, 73, 74, 76, 77, 78, 79, 80, 81, 82, 83, 84, 86, 87, 89, 91, 93, 94, 96, 97, 98, 99, 100, 102, 103, 105, 107, 108, 110, 112, 113, 115, 117, 118, 120, 123, 124, 126, 127, 128, 129, 130, 131, 132, 133, 134, 135, 136, 137, 138, 139, 140, 141, 142, 143, 144, 145, 146, 147, 149, 150, 152, 154, 156, 173, 175, 176, 177, 178, 179, 181, 182, 184, 186, 187, 189, 191, 192, 194, 196, 197, 199, 201, 202, 204, 206, 207, 209, 212, 213, 215, 216, 219, 223, 224, 226, 227, 228, 230, 231, 233, 235, 236, 238, 240, 241, 243, 245, 246, 248, 250, 251, 253], "summary": {"covered_lines": 151, "num_statements": 153, "percent_covered": 98.69281045751634, "percent_covered_display": "98.69", "missing_lines": 2, "excluded_lines": 0}, "missing_lines": [90, 153], "excluded_lines": []}, "strategies/models/orderbook_tracker.py": {"executed_lines": [1, 8, 9, 10, 11, 12, 15, 16, 17, 19, 20, 21, 22, 25, 26, 27, 36, 37, 38, 41, 42, 43, 46, 47, 48, 51, 52, 53, 55, 57, 59, 63, 64, 65, 72, 73, 74, 77, 78, 79, 80, 83, 84, 87, 88, 91, 92, 105, 123, 124, 125, 126, 127, 130, 131, 134, 135, 137, 153, 154, 156, 159, 160, 163, 164, 167, 169, 173, 176, 177, 185, 187, 190, 193, 194, 195, 198, 199, 200, 203, 204, 205, 210, 212, 218, 219, 222, 226, 227, 234, 236, 237, 238, 240, 242, 244, 245, 247, 250, 251, 252, 254, 255, 258, 259, 260, 262, 264, 267, 272, 273, 276, 281, 284, 298, 301, 302, 303, 306, 307, 308, 309, 310, 313, 314, 315, 316, 317, 319, 321, 325, 326, 329, 330, 332, 349, 350, 353, 354, 356, 373, 374, 377, 378, 380, 397, 398, 400, 402, 404, 405, 407], "summary": {"covered_lines": 147, "num_statements": 150, "percent_covered": 98.0, "percent_covered_display": "98.00", "missing_lines": 3, "excluded_lines": 0}, "missing_lines": [58, 60, 282], "excluded_lines": []}, "strategies/models/orders.py": {"executed_lines": [1, 8, 9, 10, 12, 15, 16, 18, 19, 20, 21, 24, 25, 27, 28, 31, 32, 34, 35, 36, 39, 40, 42, 43, 46, 47, 49, 50, 51, 52, 53, 54, 57, 60, 63, 64, 65, 66, 67, 68, 71, 74, 77, 81, 82, 84, 85, 86, 88, 89, 91, 92, 93, 95, 96, 98, 99, 100, 102, 103, 105, 109, 110, 112, 113, 115, 119, 120, 122, 123, 125, 127, 129, 130, 132, 134, 135, 137, 139, 140, 142, 144, 145, 147, 149, 150, 152, 154, 155, 157, 159, 160, 162, 164, 165, 167, 168, 169, 171, 173, 191, 192, 194, 195, 197, 200, 201, 203, 204, 205, 206, 209, 213, 214, 218, 219, 224, 225, 227, 228, 229, 230, 231, 232, 233, 234, 235, 236, 237, 238, 239, 240, 241, 242, 243, 244, 245, 246, 247, 251, 252, 256, 257, 261, 262, 266, 267, 271, 272, 276, 277, 283, 284, 289, 290, 292, 293, 296, 299, 302, 305, 306, 309, 310, 311, 315, 358], "summary": {"covered_lines": 158, "num_statements": 192, "percent_covered": 82.29166666666667, "percent_covered_display": "82.29", "missing_lines": 34, "excluded_lines": 0}, "missing_lines": [126, 216, 221, 254, 259, 264, 269, 274, 279, 280, 281, 286, 319, 322, 323, 326, 331, 336, 337, 339, 345, 348, 351, 356, 360, 361, 363, 366, 367, 370, 371, 374, 375, 377], "excluded_lines": []}, "strategies/models/signals.py": {"executed_lines": [1, 8, 9, 10, 12, 15, 16, 18, 19, 20, 23, 24, 26, 27, 28, 29, 30, 33, 34, 36, 37, 38, 41, 42, 44, 45, 46, 47, 48, 51, 52, 55, 56, 60, 61, 63, 64, 65, 67, 68, 70, 72, 74, 75, 77, 79, 80, 82, 84, 85, 87, 89, 90, 92, 94, 95, 97, 99, 100, 102, 105, 106, 108, 109, 110, 113, 116, 119, 123, 124, 126, 128, 129, 131, 133, 134, 136, 138, 139, 141, 144, 145, 147, 148, 151, 154, 157, 160, 163, 164, 167, 170, 174, 175, 177, 178, 179, 181, 182, 184, 186, 188, 189, 191, 193, 194, 196, 197, 201, 202, 204, 205, 214, 215, 217, 218, 235, 236, 238, 241, 244, 247, 250, 253, 254, 257, 261, 292], "summary": {"covered_lines": 120, "num_statements": 152, "percent_covered": 78.94736842105263, "percent_covered_display": "78.95", "missing_lines": 32, "excluded_lines": 0}, "missing_lines": [71, 185, 198, 199, 207, 208, 209, 210, 212, 220, 221, 222, 224, 230, 263, 266, 271, 276, 281, 282, 284, 290, 294, 295, 297, 300, 301, 306, 307, 312, 313, 315], "excluded_lines": []}, "strategies/models/spread_metrics.py": {"executed_lines": [1, 8, 9, 10, 13, 14, 15, 32, 33, 36, 37, 38, 41, 42, 43, 46, 47, 48, 50, 52, 53, 57, 58, 63, 64, 65, 72, 75, 76, 77, 80, 81, 82, 85, 88, 89, 90, 97, 98, 99, 102, 103, 104, 105, 108, 109, 112, 113, 116], "summary": {"covered_lines": 45, "num_statements": 45, "percent_covered": 100.0, "percent_covered_display": "100.00", "missing_lines": 0, "excluded_lines": 0}, "missing_lines": [], "excluded_lines": []}, "strategies/models/strategy_config.py": {"executed_lines": [1, 5, 6, 8, 11, 12, 19, 20, 21, 24, 27, 28, 31, 34, 35, 39, 40, 59, 60, 66, 67, 70, 71, 72, 75, 78, 81, 82, 85, 87, 88, 104, 105, 111, 112, 113, 114, 115, 116, 117, 120, 122, 123, 136, 137, 141, 142, 143, 144, 145, 148, 150, 151, 163, 164, 170, 173, 176, 177], "summary": {"covered_lines": 53, "num_statements": 53, "percent_covered": 100.0, "percent_covered_display": "100.00", "missing_lines": 0, "excluded_lines": 0}, "missing_lines": [], "excluded_lines": []}, "strategies/services/__init__.py": {"executed_lines": [1, 5, 7], "summary": {"covered_lines": 2, "num_statements": 2, "percent_covered": 100.0, "percent_covered_display": "100.00", "missing_lines": 0, "excluded_lines": 0}, "missing_lines": [], "excluded_lines": []}, "strategies/services/config_manager.py": {"executed_lines": [1, 13, 14, 15, 16, 17, 19, 20, 21, 27, 29, 32, 33, 44, 56, 57, 60, 63, 64, 66, 69, 73, 78, 79, 81, 85, 87, 89, 90, 91, 92, 93, 94, 96, 99, 101, 122, 124, 125, 127, 129, 130, 131, 132, 133, 135, 137, 139, 163, 166, 167, 168, 169, 170, 171, 174, 186, 196, 197, 198, 206, 207, 208, 209, 226, 243, 249, 251, 252, 297, 299, 422, 497, 537, 584], "summary": {"covered_lines": 73, "num_statements": 202, "percent_covered": 36.13861386138614, "percent_covered_display": "36.14", "missing_lines": 129, "excluded_lines": 0}, "missing_lines": [70, 71, 97, 103, 104, 105, 107, 108, 113, 114, 116, 117, 118, 119, 120, 175, 178, 179, 180, 181, 182, 183, 187, 188, 189, 190, 191, 192, 193, 212, 213, 221, 222, 223, 224, 230, 258, 259, 267, 268, 274, 275, 282, 283, 289, 290, 323, 324, 325, 327, 328, 330, 331, 333, 335, 336, 337, 341, 346, 347, 349, 363, 368, 369, 373, 377, 378, 381, 394, 404, 407, 408, 409, 411, 416, 418, 419, 420, 441, 442, 444, 446, 447, 448, 452, 457, 458, 462, 464, 465, 468, 469, 479, 482, 483, 484, 486, 491, 493, 494, 495, 504, 505, 507, 508, 509, 512, 513, 514, 515, 518, 519, 520, 524, 535, 554, 555, 557, 558, 563, 564, 565, 576, 578, 580, 581, 582, 586, 587], "excluded_lines": []}, "strategies/services/data_manager_client.py": {"executed_lines": [1, 8, 9, 10, 12], "summary": {"covered_lines": 4, "num_statements": 177, "percent_covered": 2.2598870056497176, "percent_covered_display": "2.26", "missing_lines": 173, "excluded_lines": 0}, "missing_lines": [13, 15, 18, 21, 22, 24, 25, 28, 36, 50, 53, 54, 57, 63, 64, 66, 68, 70, 71, 72, 74, 76, 77, 78, 80, 82, 83, 84, 85, 86, 90, 100, 101, 108, 109, 110, 112, 113, 114, 116, 129, 130, 137, 138, 139, 141, 142, 145, 147, 161, 162, 165, 167, 174, 175, 176, 178, 179, 182, 190, 194, 195, 197, 200, 202, 203, 204, 206, 225, 226, 229, 231, 239, 240, 241, 243, 244, 247, 255, 259, 260, 262, 265, 267, 268, 271, 273, 283, 284, 290, 291, 292, 293, 295, 296, 297, 299, 310, 311, 317, 318, 319, 320, 322, 323, 326, 328, 338, 339, 341, 347, 348, 351, 352, 354, 355, 356, 358, 372, 373, 374, 375, 377, 385, 387, 388, 389, 391, 398, 400, 405, 408, 413, 416, 417, 419, 420, 421, 423, 433, 434, 441, 442, 444, 445, 446, 450, 457, 460, 461, 463, 464, 465, 467, 477, 480, 481, 483, 484, 485, 487, 494, 495, 496, 499, 500, 501, 502, 504, 506, 507, 509, 511], "excluded_lines": []}, "strategies/services/depth_analyzer.py": {"executed_lines": [1, 12, 13, 14, 15, 16, 17, 19, 22, 23, 24, 26, 27, 30, 31, 32, 33, 36, 37, 38, 41, 42, 43, 44, 45, 48, 49, 50, 51, 52, 55, 56, 59, 60, 61, 64, 65, 68, 69, 70, 72, 73, 75, 76, 78, 79, 80, 82, 83, 86, 87, 97, 111, 112, 113, 116, 119, 122, 127, 129, 136, 155, 156, 159, 160, 161, 164, 165, 166, 168, 169, 172, 173, 174, 177, 178, 179, 182, 187, 188, 189, 190, 191, 194, 195, 198, 199, 200, 203, 204, 207, 237, 238, 241, 242, 245, 248, 250, 252, 254, 256, 258, 271, 275, 276, 278, 279, 281, 285, 286, 287, 288, 291, 292, 293, 294, 295, 296, 297, 298, 306, 318, 325, 328, 331, 334, 336, 340, 344, 348, 350, 367, 369, 372, 373, 375, 377, 379, 382, 386, 390, 395], "summary": {"covered_lines": 138, "num_statements": 154, "percent_covered": 89.6103896103896, "percent_covered_display": "89.61", "missing_lines": 16, "excluded_lines": 0}, "missing_lines": [246, 272, 282, 300, 301, 303, 304, 326, 370, 397, 398, 404, 405, 406, 408, 409], "excluded_lines": []}, "strategies/utils/__init__.py": {"executed_lines": [1, 8, 9, 11], "summary": {"covered_lines": 3, "num_statements": 3, "percent_covered": 100.0, "percent_covered_display": "100.00", "missing_lines": 0, "excluded_lines": 0}, "missing_lines": [], "excluded_lines": []}, "strategies/utils/circuit_breaker.py": {"executed_lines": [1, 8, 9, 10, 11, 12, 14, 17, 18, 20, 21, 22, 25, 26, 28, 44, 45, 46, 47, 50, 51, 52, 53, 56, 57, 58, 60, 70, 71, 73, 75, 78, 79, 81, 83, 86, 87, 89, 91, 93, 96, 97, 98, 99, 104, 106, 109, 110, 111, 112, 117, 119, 121, 122, 131, 133, 135, 148, 152, 154, 163, 165, 166, 167, 169, 175, 177, 179, 197, 204, 221, 228, 234, 240, 245, 250, 256, 257, 259], "summary": {"covered_lines": 75, "num_statements": 124, "percent_covered": 60.483870967741936, "percent_covered_display": "60.48", "missing_lines": 49, "excluded_lines": 0}, "missing_lines": [94, 100, 101, 102, 107, 113, 114, 115, 123, 124, 125, 127, 129, 137, 141, 142, 150, 155, 156, 157, 171, 172, 173, 181, 182, 183, 184, 186, 188, 189, 191, 199, 206, 223, 224, 225, 226, 230, 231, 232, 236, 237, 238, 242, 243, 247, 248, 252, 253], "excluded_lines": []}, "strategies/utils/heartbeat.py": {"executed_lines": [1, 8, 9, 10, 12, 14, 17, 18, 20, 30, 31, 32, 35, 36, 41, 48, 49, 50, 51, 54, 61, 68, 70, 71, 72, 74, 75, 76, 79, 81, 83, 85, 88, 91, 92, 94, 96, 98, 100, 101, 103, 113, 120, 174, 203, 216, 239, 317, 330], "summary": {"covered_lines": 47, "num_statements": 113, "percent_covered": 41.5929203539823, "percent_covered_display": "41.59", "missing_lines": 66, "excluded_lines": 0}, "missing_lines": [86, 105, 106, 109, 111, 114, 116, 118, 122, 124, 127, 130, 133, 134, 135, 138, 161, 162, 163, 166, 169, 171, 172, 176, 184, 185, 186, 187, 188, 189, 190, 193, 194, 195, 196, 197, 198, 199, 201, 205, 218, 219, 225, 241, 244, 245, 246, 247, 249, 275, 276, 281, 282, 283, 284, 286, 310, 311, 315, 319, 321, 332, 333, 334, 336, 337], "excluded_lines": []}, "strategies/utils/logger.py": {"executed_lines": [1, 8, 9, 10, 12, 14, 17, 28, 35, 56, 59, 65, 68, 78, 79, 81, 84, 97, 100, 113], "summary": {"covered_lines": 19, "num_statements": 19, "percent_covered": 100.0, "percent_covered_display": "100.00", "missing_lines": 0, "excluded_lines": 0}, "missing_lines": [], "excluded_lines": []}, "strategies/utils/metrics.py": {"executed_lines": [1, 11, 12, 14, 17, 18, 25, 26, 32, 39, 42, 49, 56, 57, 65, 72, 79, 86, 92, 99, 101, 112, 116, 117, 119, 121, 128, 130, 141, 142, 143, 145, 147, 156, 160, 172, 182, 190, 191, 192, 194, 196, 203, 205, 206, 216, 217, 218, 219, 220, 221, 223, 227, 230, 238, 239, 240, 243, 250, 253, 254, 267, 281, 282, 283, 284, 285, 287, 289, 290, 292, 294, 295, 298, 301, 302, 305, 306, 307, 311, 316, 318, 326, 327, 330], "summary": {"covered_lines": 82, "num_statements": 85, "percent_covered": 96.47058823529412, "percent_covered_display": "96.47", "missing_lines": 3, "excluded_lines": 0}, "missing_lines": [19, 21, 22], "excluded_lines": []}}, "totals": {"covered_lines": 2384, "num_statements": 3769, "percent_covered": 63.25285221544176, "percent_covered_display": "63.25", "missing_lines": 1385, "excluded_lines": 2}}