{"meta": {"format": 2, "version": "7.4.1", "timestamp": "2025-11-15T18:55:42.680783", "branch_coverage": false, "show_contexts": false}, "files": {"constants.py": {"executed_lines": [2, 9, 12, 13, 14, 17, 18, 21, 22, 25, 26, 27, 30, 31, 32, 35, 38, 41, 46, 49, 52, 57, 60, 65, 66, 67, 68, 73, 74, 77, 78, 79, 82, 85, 88, 89, 92, 97, 100, 103, 106, 109, 114, 117, 120, 123, 126, 129, 132, 137, 138, 141, 144, 145, 146, 149, 150, 151, 152, 153, 156, 159, 160, 161, 164, 165, 168, 169, 172, 177, 180, 183, 188, 189, 190, 191, 192, 195, 196, 197, 200, 201, 202, 205, 206, 209, 210, 211, 212, 215, 216, 217, 220, 221, 222, 225, 226, 227, 230, 237, 238, 239, 242, 243, 246, 247, 250, 251, 256, 257, 260, 272, 280, 292, 304, 315, 337], "summary": {"covered_lines": 117, "num_statements": 146, "percent_covered": 80.13698630136986, "percent_covered_display": "80", "missing_lines": 29, "excluded_lines": 0}, "missing_lines": [282, 283, 284, 285, 286, 287, 288, 289, 294, 306, 317, 318, 319, 320, 321, 322, 323, 324, 325, 326, 327, 328, 329, 330, 331, 332, 333, 334, 339], "excluded_lines": []}, "scripts/__init__.py": {"executed_lines": [], "summary": {"covered_lines": 0, "num_statements": 0, "percent_covered": 100.0, "percent_covered_display": "100", "missing_lines": 0, "excluded_lines": 0}, "missing_lines": [], "excluded_lines": []}, "scripts/run_pipeline.py": {"executed_lines": [], "summary": {"covered_lines": 0, "num_statements": 190, "percent_covered": 0.0, "percent_covered_display": "0", "missing_lines": 190, "excluded_lines": 2}, "missing_lines": [2, 7, 8, 9, 10, 11, 12, 16, 17, 18, 19, 20, 21, 22, 23, 24, 27, 30, 31, 32, 33, 34, 35, 37, 39, 40, 48, 49, 51, 59, 61, 62, 63, 66, 67, 69, 70, 71, 73, 74, 76, 77, 79, 81, 82, 83, 84, 85, 86, 87, 90, 91, 92, 93, 94, 95, 96, 97, 99, 101, 103, 110, 111, 112, 115, 116, 117, 119, 121, 123, 125, 127, 139, 140, 141, 142, 143, 145, 147, 149, 151, 157, 158, 159, 160, 161, 162, 164, 166, 168, 170, 174, 176, 177, 178, 179, 180, 181, 182, 183, 184, 186, 188, 190, 192, 196, 197, 199, 201, 203, 205, 207, 209, 211, 213, 215, 217, 219, 222, 223, 224, 225, 226, 228, 230, 232, 234, 235, 237, 247, 249, 251, 252, 253, 255, 256, 258, 260, 262, 263, 265, 266, 267, 269, 270, 271, 272, 274, 275, 276, 277, 279, 280, 281, 282, 284, 286, 288, 290, 291, 302, 313, 314, 315, 316, 318, 319, 321, 322, 323, 326, 327, 328, 330, 333, 334, 337, 352, 353, 355, 357, 359, 360, 361, 362, 363, 364, 365, 366, 367], "excluded_lines": [370, 371]}, "scripts/test_config_compatibility.py": {"executed_lines": [], "summary": {"covered_lines": 0, "num_statements": 79, "percent_covered": 0.0, "percent_covered_display": "0", "missing_lines": 79, "excluded_lines": 11}, "missing_lines": [2, 12, 14, 16, 19, 22, 23, 24, 25, 26, 27, 30, 32, 34, 36, 39, 40, 41, 43, 44, 49, 51, 52, 53, 56, 58, 60, 61, 64, 66, 67, 68, 70, 72, 73, 74, 77, 79, 81, 82, 85, 87, 88, 89, 91, 92, 96, 98, 99, 100, 103, 105, 106, 107, 108, 110, 113, 114, 115, 117, 118, 119, 121, 122, 123, 126, 127, 128, 130, 131, 133, 134, 137, 140, 143, 145, 148, 151, 152], "excluded_lines": [155, 156, 157, 158, 159, 160, 161, 162, 163, 165, 166]}, "scripts/test_heartbeat.py": {"executed_lines": [], "summary": {"covered_lines": 0, "num_statements": 62, "percent_covered": 0.0, "percent_covered_display": "0", "missing_lines": 62, "excluded_lines": 9}, "missing_lines": [2, 8, 9, 10, 11, 14, 15, 17, 18, 21, 24, 25, 26, 27, 28, 29, 30, 32, 34, 35, 36, 38, 49, 50, 61, 64, 65, 66, 67, 68, 69, 70, 71, 73, 75, 76, 77, 79, 91, 92, 103, 105, 106, 109, 110, 113, 122, 124, 125, 128, 129, 132, 133, 136, 137, 138, 140, 142, 143, 144, 147, 148], "excluded_lines": [151, 152, 153, 155, 156, 157, 158, 159, 160]}, "scripts/test_market_logic.py": {"executed_lines": [], "summary": {"covered_lines": 0, "num_statements": 99, "percent_covered": 0.0, "percent_covered_display": "0", "missing_lines": 99, "excluded_lines": 2}, "missing_lines": [2, 8, 9, 12, 13, 14, 16, 17, 19, 20, 21, 22, 23, 26, 32, 61, 71, 73, 75, 76, 79, 81, 82, 83, 85, 87, 88, 89, 90, 91, 92, 93, 95, 98, 99, 100, 101, 104, 106, 108, 109, 112, 114, 115, 117, 118, 119, 120, 121, 122, 123, 124, 125, 126, 128, 131, 132, 133, 134, 137, 139, 141, 142, 145, 147, 148, 149, 151, 153, 154, 155, 156, 157, 158, 159, 160, 162, 165, 166, 167, 168, 171, 173, 174, 176, 178, 179, 180, 182, 183, 184, 185, 186, 187, 188, 190, 191, 192, 194], "excluded_lines": [197, 198]}, "scripts/test_setup.py": {"executed_lines": [], "summary": {"covered_lines": 0, "num_statements": 95, "percent_covered": 0.0, "percent_covered_display": "0", "missing_lines": 95, "excluded_lines": 2}, "missing_lines": [2, 8, 9, 12, 13, 16, 18, 20, 21, 23, 25, 27, 29, 36, 38, 45, 47, 54, 56, 58, 60, 62, 64, 66, 68, 70, 72, 74, 76, 78, 79, 80, 83, 85, 87, 88, 91, 92, 93, 95, 98, 99, 102, 103, 106, 107, 109, 111, 112, 113, 116, 118, 120, 121, 123, 124, 126, 127, 129, 130, 131, 134, 136, 138, 139, 140, 146, 154, 162, 163, 166, 175, 178, 189, 191, 193, 194, 195, 198, 200, 201, 203, 210, 211, 213, 214, 215, 216, 218, 219, 221, 222, 223, 225, 226], "excluded_lines": [229, 230]}, "strategies/__init__.py": {"executed_lines": [1, 11, 12, 13, 15, 17], "summary": {"covered_lines": 5, "num_statements": 5, "percent_covered": 100.0, "percent_covered_display": "100", "missing_lines": 0, "excluded_lines": 0}, "missing_lines": [], "excluded_lines": []}, "strategies/adapters/__init__.py": {"executed_lines": [1, 5, 7], "summary": {"covered_lines": 2, "num_statements": 2, "percent_covered": 100.0, "percent_covered_display": "100", "missing_lines": 0, "excluded_lines": 0}, "missing_lines": [], "excluded_lines": []}, "strategies/adapters/signal_adapter.py": {"executed_lines": [1, 8, 9, 10, 12, 15, 16, 19, 20, 21, 24, 25, 26, 29, 55, 62, 71, 72, 75, 119, 122, 132, 133, 134, 135, 136, 137, 139, 142, 159, 160, 161, 162, 164, 167, 179, 180, 181, 182, 184, 187, 199, 200, 201, 202, 204], "summary": {"covered_lines": 45, "num_statements": 45, "percent_covered": 100.0, "percent_covered_display": "100", "missing_lines": 0, "excluded_lines": 0}, "missing_lines": [], "excluded_lines": []}, "strategies/api/__init__.py": {"executed_lines": [1, 3, 4, 6], "summary": {"covered_lines": 3, "num_statements": 3, "percent_covered": 100.0, "percent_covered_display": "100", "missing_lines": 0, "excluded_lines": 0}, "missing_lines": [], "excluded_lines": []}, "strategies/api/response_models.py": {"executed_lines": [1, 7, 9, 12, 13, 15, 16, 17, 18, 21, 22, 24, 25, 26, 27, 28, 31, 34, 35, 38, 39, 41, 44, 47, 50, 55, 56, 58, 59, 60, 61, 62, 63, 64, 67, 70, 71, 73, 74, 75, 76, 77, 80, 83, 84, 86, 87, 88, 89, 90, 93, 96, 97, 98], "summary": {"covered_lines": 47, "num_statements": 47, "percent_covered": 100.0, "percent_covered_display": "100", "missing_lines": 0, "excluded_lines": 0}, "missing_lines": [], "excluded_lines": []}, "strategies/core/__init__.py": {"executed_lines": [1, 8, 9, 10, 12], "summary": {"covered_lines": 4, "num_statements": 4, "percent_covered": 100.0, "percent_covered_display": "100", "missing_lines": 0, "excluded_lines": 0}, "missing_lines": [], "excluded_lines": []}, "strategies/core/consumer.py": {"executed_lines": [1, 8, 9, 10, 11, 12, 14, 15, 16, 17, 18, 21, 22, 29, 30, 31, 32, 33, 34, 35, 36, 43, 44, 51, 54, 55, 57, 68, 69, 70, 71, 72, 73, 74, 77, 78, 81, 88, 89, 90, 91, 92, 95, 96, 97, 100, 101, 108, 109, 110, 113, 120, 121, 124, 131, 143, 144, 145, 148, 155, 156, 159, 166, 198, 243, 265, 286, 294, 319, 321, 322, 323, 325, 327, 328, 331, 332, 341, 346, 348, 349, 350, 351, 356, 357, 371, 372, 375, 378, 381, 382, 383, 388, 391, 394, 395, 396, 398, 405, 407, 409, 415, 417, 419, 420, 425, 426, 428, 432, 434, 435, 437, 438, 441, 442, 443, 447, 451, 457, 461, 462, 463, 469, 470, 471, 472, 473, 474, 476, 477, 488, 490, 492, 495, 496, 497, 498, 499, 501, 502, 503, 504, 505, 507, 520, 522, 525, 541, 543, 544, 573, 575, 577, 578, 579, 580, 581, 582, 589, 594, 596, 598, 603, 604, 607, 608, 611, 613, 621, 623, 629, 633, 634, 636, 639, 641, 643, 645, 650, 652, 658, 659, 669, 672, 674, 677, 679, 687, 688, 689, 692, 694, 697, 698, 700, 701, 702, 705, 707, 709, 710, 711, 718, 721, 723, 725, 726, 727, 730, 739, 740, 746, 752, 753, 755, 768, 769, 771, 778, 780, 783, 786, 789, 792, 795, 801, 802, 805, 839, 841, 844, 848, 849, 852, 856, 869], "summary": {"covered_lines": 234, "num_statements": 339, "percent_covered": 69.02654867256638, "percent_covered_display": "69", "missing_lines": 105, "excluded_lines": 0}, "missing_lines": [23, 25, 26, 132, 135, 168, 175, 177, 180, 183, 184, 187, 194, 195, 196, 200, 208, 209, 212, 213, 214, 221, 222, 223, 224, 229, 230, 236, 245, 246, 247, 254, 261, 262, 263, 267, 269, 274, 282, 283, 284, 288, 289, 290, 291, 292, 296, 302, 303, 305, 306, 307, 312, 313, 315, 333, 334, 338, 358, 361, 362, 368, 453, 454, 455, 479, 480, 486, 516, 517, 518, 537, 538, 539, 569, 570, 571, 584, 591, 592, 626, 627, 665, 666, 667, 712, 713, 716, 732, 733, 742, 743, 744, 758, 760, 779, 781, 797, 798, 826, 837, 845, 858, 871, 879], "excluded_lines": []}, "strategies/core/processor.py": {"executed_lines": [1, 2, 3, 4, 5, 6], "summary": {"covered_lines": 6, "num_statements": 6, "percent_covered": 100.0, "percent_covered_display": "100", "missing_lines": 0, "excluded_lines": 0}, "missing_lines": [], "excluded_lines": []}, "strategies/core/publisher.py": {"executed_lines": [1, 7, 8, 9, 10, 12, 13, 14, 17, 18, 25, 26, 27, 30, 31, 33, 40, 41, 42, 45, 48, 55, 56, 57, 58, 59, 60, 63, 64, 65, 68, 69, 70, 72, 74, 80, 82, 95, 96, 97, 99, 101, 109, 110, 113, 114, 115, 116, 128, 135, 137, 138, 139, 153, 154, 155, 157, 201, 203, 204, 206, 208, 209, 210, 212, 213, 216, 217, 223, 224, 225, 230, 232, 247, 300, 367, 376, 378, 380, 382, 391, 394, 397, 398, 401, 407, 408, 409, 412, 414, 426, 427, 436, 437, 439, 441, 444, 448, 449, 452, 456, 458, 471, 492], "summary": {"covered_lines": 102, "num_statements": 170, "percent_covered": 60.0, "percent_covered_display": "60", "missing_lines": 68, "excluded_lines": 0}, "missing_lines": [19, 21, 22, 85, 86, 89, 121, 122, 146, 159, 166, 167, 169, 170, 173, 177, 179, 182, 183, 185, 187, 189, 192, 194, 195, 196, 197, 199, 239, 240, 245, 249, 250, 252, 254, 257, 260, 270, 279, 281, 282, 287, 290, 302, 303, 305, 307, 309, 310, 313, 319, 320, 321, 324, 327, 337, 346, 348, 349, 354, 357, 383, 385, 388, 445, 473, 480, 494], "excluded_lines": []}, "strategies/db/__init__.py": {"executed_lines": [1, 5, 7], "summary": {"covered_lines": 2, "num_statements": 2, "percent_covered": 100.0, "percent_covered_display": "100", "missing_lines": 0, "excluded_lines": 0}, "missing_lines": [], "excluded_lines": []}, "strategies/health/__init__.py": {"executed_lines": [1, 7, 9], "summary": {"covered_lines": 2, "num_statements": 2, "percent_covered": 100.0, "percent_covered_display": "100", "missing_lines": 0, "excluded_lines": 0}, "missing_lines": [], "excluded_lines": []}, "strategies/market_logic/__init__.py": {"executed_lines": [1, 9, 10, 11, 12, 13, 15], "summary": {"covered_lines": 6, "num_statements": 6, "percent_covered": 100.0, "percent_covered_display": "100", "missing_lines": 0, "excluded_lines": 0}, "missing_lines": [], "excluded_lines": []}, "strategies/market_logic/btc_dominance.py": {"executed_lines": [1, 14, 15, 16, 18, 20, 21, 22, 25, 26, 33, 35, 38, 39, 40, 41, 42, 47, 48, 49, 50, 53, 54, 56, 62, 74, 76, 79, 80, 81, 106, 108, 109, 111, 112, 115, 116, 118, 121, 134, 141, 143, 144, 145, 147, 148, 179, 202, 218, 324, 341, 362, 406], "summary": {"covered_lines": 51, "num_statements": 148, "percent_covered": 34.45945945945946, "percent_covered_display": "34", "missing_lines": 97, "excluded_lines": 0}, "missing_lines": [84, 87, 91, 92, 93, 100, 102, 103, 104, 117, 119, 122, 124, 127, 128, 150, 151, 154, 155, 158, 164, 165, 166, 169, 170, 172, 173, 175, 176, 177, 183, 187, 188, 191, 193, 194, 197, 200, 204, 206, 208, 211, 212, 227, 228, 229, 230, 233, 234, 236, 239, 240, 244, 261, 262, 267, 285, 286, 288, 289, 304, 319, 320, 322, 326, 327, 330, 331, 334, 335, 336, 337, 339, 343, 344, 346, 347, 350, 354, 355, 357, 358, 360, 375, 376, 377, 378, 380, 383, 384, 385, 386, 387, 388, 389, 391, 408], "excluded_lines": []}, "strategies/market_logic/cross_exchange_spread.py": {"executed_lines": [1, 13, 14, 15, 16, 18, 19, 21, 22, 23, 26, 27, 34, 36, 39, 40, 41, 42, 45, 46, 47, 50, 57, 58, 59, 61, 67, 79, 81, 84, 87, 89, 98, 106, 108, 109, 112, 113, 115, 118, 127, 133, 134, 137, 138, 139, 140, 142, 143, 148, 152, 153, 156, 158, 159, 160, 161, 162, 163, 164, 165, 192, 200, 201, 204, 206, 207, 293, 295, 296, 297, 299, 300, 304, 306, 308, 337, 349, 387], "summary": {"covered_lines": 77, "num_statements": 134, "percent_covered": 57.46268656716418, "percent_covered_display": "57", "missing_lines": 57, "excluded_lines": 0}, "missing_lines": [90, 91, 92, 100, 101, 104, 114, 116, 119, 120, 145, 146, 172, 174, 175, 176, 177, 178, 179, 180, 181, 182, 189, 190, 210, 213, 217, 218, 221, 224, 229, 231, 232, 234, 239, 264, 288, 289, 291, 316, 317, 319, 320, 327, 330, 331, 343, 344, 346, 347, 364, 365, 366, 367, 369, 371, 389], "excluded_lines": []}, "strategies/market_logic/defaults.py": {"executed_lines": [1, 9, 15, 114, 538, 593, 603, 606, 616, 619, 629, 640, 642, 645, 658, 659, 661, 663, 665, 666, 667, 668, 670, 671, 674, 675, 676, 677, 678, 679, 680, 683, 688, 689, 690, 693, 694, 698], "summary": {"covered_lines": 37, "num_statements": 41, "percent_covered": 90.2439024390244, "percent_covered_display": "90", "missing_lines": 4, "excluded_lines": 0}, "missing_lines": [681, 682, 684, 685], "excluded_lines": []}, "strategies/market_logic/iceberg_detector.py": {"executed_lines": [1, 13, 14, 15, 17, 19, 20, 22, 25, 26, 45, 75, 76, 77, 78, 79, 80, 81, 82, 83, 86, 95, 98, 99, 101, 109, 128, 129, 132, 133, 136, 139, 142, 148, 149, 152, 153, 154, 164, 165, 167, 168, 170, 172, 177, 178, 180, 181, 182, 183, 190, 193, 195, 196, 197, 198, 200, 201, 202, 207, 208, 209, 217, 218, 220, 222, 223, 224, 227, 228, 229, 232, 260, 262, 273, 275, 277, 279], "summary": {"covered_lines": 76, "num_statements": 80, "percent_covered": 95.0, "percent_covered_display": "95", "missing_lines": 4, "excluded_lines": 0}, "missing_lines": [204, 210, 211, 213], "excluded_lines": []}, "strategies/market_logic/onchain_metrics.py": {"executed_lines": [1, 14, 15, 16, 18, 20, 21, 22, 25, 26, 33, 35, 38, 41, 42, 45, 46, 47, 50, 57, 58, 59, 60, 62, 68, 107, 138, 161, 184, 196, 239, 308, 314, 412, 420, 462], "summary": {"covered_lines": 34, "num_statements": 157, "percent_covered": 21.656050955414013, "percent_covered_display": "22", "missing_lines": 123, "excluded_lines": 0}, "missing_lines": [82, 83, 86, 87, 88, 91, 93, 94, 95, 101, 103, 104, 105, 113, 114, 117, 120, 122, 125, 130, 131, 133, 135, 136, 144, 147, 148, 149, 151, 167, 170, 171, 172, 174, 186, 187, 189, 192, 193, 194, 204, 207, 208, 209, 210, 211, 212, 214, 216, 217, 220, 221, 222, 225, 226, 227, 230, 234, 235, 237, 241, 243, 244, 246, 247, 248, 252, 253, 256, 257, 263, 269, 274, 275, 276, 280, 281, 287, 293, 298, 299, 300, 302, 304, 305, 306, 310, 311, 312, 327, 328, 329, 332, 337, 338, 339, 342, 346, 364, 365, 366, 367, 371, 389, 392, 394, 410, 414, 415, 417, 418, 433, 434, 435, 436, 438, 441, 442, 443, 444, 445, 447, 464], "excluded_lines": []}, "strategies/market_logic/spread_liquidity.py": {"executed_lines": [1, 13, 14, 15, 16, 18, 20, 21, 23, 26, 27, 46, 74, 75, 76, 77, 78, 79, 80, 81, 84, 89, 90, 93, 96, 97, 99, 107, 126, 127, 130, 131, 134, 135, 136, 139, 142, 143, 146, 149, 150, 151, 154, 155, 156, 157, 159, 161, 169, 171, 172, 175, 176, 179, 182, 183, 184, 187, 188, 189, 191, 208, 210, 213, 218, 223, 224, 226, 229, 231, 232, 235, 238, 239, 244, 245, 246, 248, 259, 263, 264, 268, 304, 305, 306, 313, 319, 335, 337, 339, 343, 345, 347, 348, 352, 354, 355, 357, 359, 364, 365, 375, 378, 381, 382, 383, 388, 389, 390, 397, 399, 403, 404, 407, 435, 437, 447, 449, 451], "summary": {"covered_lines": 117, "num_statements": 139, "percent_covered": 84.1726618705036, "percent_covered_display": "84", "missing_lines": 22, "excluded_lines": 0}, "missing_lines": [204, 205, 206, 269, 270, 273, 279, 281, 299, 301, 366, 367, 368, 373, 379, 380, 385, 391, 392, 394, 400, 401], "excluded_lines": []}, "strategies/models/__init__.py": {"executed_lines": [1, 8, 9, 10, 12], "summary": {"covered_lines": 4, "num_statements": 4, "percent_covered": 100.0, "percent_covered_display": "100", "missing_lines": 0, "excluded_lines": 0}, "missing_lines": [], "excluded_lines": []}, "strategies/models/market_data.py": {"executed_lines": [1, 8, 9, 11, 14, 15, 17, 18, 20, 21, 23, 24, 25, 26, 27, 30, 31, 33, 34, 35, 36, 37, 38, 40, 41, 43, 44, 45, 47, 48, 50, 52, 53, 55, 56, 58, 59, 60, 62, 63, 65, 66, 68, 69, 70, 73, 74, 76, 77, 78, 79, 80, 81, 82, 83, 84, 86, 87, 89, 91, 93, 94, 96, 97, 98, 99, 100, 102, 103, 105, 107, 108, 110, 112, 113, 115, 117, 118, 120, 123, 124, 126, 127, 128, 129, 130, 131, 132, 133, 134, 135, 136, 137, 138, 139, 140, 141, 142, 143, 144, 145, 146, 147, 149, 150, 152, 154, 156, 173, 175, 176, 177, 178, 179, 181, 182, 184, 186, 187, 189, 191, 192, 194, 196, 197, 199, 201, 202, 204, 206, 207, 209, 212, 213, 215, 216, 219, 223, 224, 226, 227, 228, 230, 231, 233, 235, 236, 238, 240, 241, 243, 245, 246, 248, 250, 251, 253], "summary": {"covered_lines": 151, "num_statements": 153, "percent_covered": 98.69281045751634, "percent_covered_display": "99", "missing_lines": 2, "excluded_lines": 0}, "missing_lines": [90, 153], "excluded_lines": []}, "strategies/models/orderbook_tracker.py": {"executed_lines": [1, 8, 9, 10, 11, 12, 15, 16, 17, 19, 20, 21, 22, 25, 26, 27, 36, 37, 38, 41, 42, 43, 46, 47, 48, 51, 52, 53, 55, 57, 59, 63, 64, 65, 72, 73, 74, 77, 78, 79, 80, 83, 84, 87, 88, 91, 92, 105, 123, 124, 125, 126, 127, 130, 131, 134, 135, 137, 153, 156, 159, 160, 163, 164, 167, 169, 173, 176, 177, 185, 187, 190, 193, 194, 195, 198, 199, 200, 203, 204, 205, 210, 212, 218, 219, 222, 226, 227, 234, 236, 237, 238, 240, 242, 244, 245, 247, 250, 251, 252, 254, 255, 258, 259, 260, 262, 264, 267, 272, 276, 281, 284, 298, 301, 302, 303, 306, 307, 308, 309, 310, 313, 314, 315, 316, 317, 319, 321, 325, 326, 329, 330, 332, 350, 351, 354, 379, 403, 405, 407, 408, 410], "summary": {"covered_lines": 137, "num_statements": 150, "percent_covered": 91.33333333333333, "percent_covered_display": "91", "missing_lines": 13, "excluded_lines": 0}, "missing_lines": [58, 60, 154, 273, 282, 355, 357, 375, 376, 380, 382, 400, 401], "excluded_lines": []}, "strategies/models/orders.py": {"executed_lines": [1, 8, 9, 10, 12, 15, 16, 18, 19, 20, 21, 24, 25, 27, 28, 31, 32, 34, 35, 36, 39, 40, 42, 43, 46, 47, 49, 50, 51, 52, 53, 54, 57, 60, 63, 64, 65, 66, 67, 68, 71, 74, 77, 81, 82, 84, 85, 86, 88, 89, 91, 92, 93, 95, 96, 98, 99, 100, 102, 103, 105, 110, 112, 113, 115, 120, 122, 123, 125, 127, 129, 130, 132, 134, 135, 137, 139, 140, 142, 144, 145, 147, 149, 150, 152, 154, 155, 157, 159, 160, 162, 164, 165, 167, 168, 169, 171, 173, 191, 192, 194, 195, 197, 200, 201, 203, 204, 205, 206, 209, 213, 214, 216, 218, 219, 221, 224, 225, 227, 228, 229, 230, 231, 232, 233, 234, 235, 236, 237, 238, 239, 240, 241, 242, 243, 244, 245, 246, 247, 251, 252, 254, 256, 257, 259, 261, 262, 264, 266, 267, 269, 271, 272, 274, 276, 277, 279, 280, 281, 283, 284, 286, 289, 290, 292, 293, 296, 299, 302, 305, 306, 309, 310, 311, 315, 319, 322, 323, 326, 331, 336, 337, 339, 345, 348, 351, 356, 358, 360, 361, 363, 366, 367, 370, 371, 374, 375, 377], "summary": {"covered_lines": 189, "num_statements": 192, "percent_covered": 98.4375, "percent_covered_display": "98", "missing_lines": 3, "excluded_lines": 0}, "missing_lines": [109, 119, 126], "excluded_lines": []}, "strategies/models/signals.py": {"executed_lines": [1, 8, 9, 10, 12, 15, 16, 18, 19, 20, 23, 24, 26, 27, 28, 29, 30, 33, 34, 36, 37, 38, 41, 42, 44, 45, 46, 47, 48, 51, 52, 55, 56, 60, 61, 63, 64, 65, 67, 68, 70, 72, 74, 75, 77, 79, 80, 82, 84, 85, 87, 89, 90, 92, 94, 95, 97, 99, 100, 102, 105, 106, 108, 109, 110, 113, 116, 119, 123, 124, 126, 128, 129, 131, 133, 134, 136, 138, 139, 141, 144, 145, 147, 148, 151, 154, 157, 160, 163, 164, 167, 170, 174, 175, 177, 179, 181, 182, 184, 186, 188, 189, 191, 193, 194, 196, 198, 199, 201, 202, 204, 207, 208, 209, 210, 212, 214, 215, 217, 220, 221, 224, 230, 235, 236, 238, 241, 244, 247, 250, 253, 254, 257, 261, 263, 266, 271, 276, 281, 282, 284, 290, 292, 294, 295, 297, 300, 301, 306, 307, 312, 313, 315], "summary": {"covered_lines": 145, "num_statements": 152, "percent_covered": 95.39473684210526, "percent_covered_display": "95", "missing_lines": 7, "excluded_lines": 0}, "missing_lines": [71, 178, 185, 197, 205, 218, 222], "excluded_lines": []}, "strategies/models/spread_metrics.py": {"executed_lines": [1, 8, 9, 10, 13, 14, 15, 32, 33, 36, 37, 38, 41, 42, 43, 46, 47, 48, 50, 52, 53, 57, 58, 63, 64, 65, 72, 75, 76, 77, 80, 81, 82, 85, 88, 89, 90, 97, 98, 99, 102, 103, 104, 105, 108, 109, 112, 113, 116], "summary": {"covered_lines": 45, "num_statements": 45, "percent_covered": 100.0, "percent_covered_display": "100", "missing_lines": 0, "excluded_lines": 0}, "missing_lines": [], "excluded_lines": []}, "strategies/models/strategy_config.py": {"executed_lines": [1, 5, 6, 8, 11, 12, 19, 20, 21, 24, 27, 28, 31, 34, 35, 39, 40, 59, 60, 66, 67, 70, 71, 72, 75, 78, 81, 82, 85, 87, 88, 104, 105, 111, 112, 113, 114, 115, 116, 117, 120, 122, 123, 136, 137, 141, 142, 143, 144, 145, 148, 150, 151, 163, 164, 170, 173, 176, 177], "summary": {"covered_lines": 53, "num_statements": 53, "percent_covered": 100.0, "percent_covered_display": "100", "missing_lines": 0, "excluded_lines": 0}, "missing_lines": [], "excluded_lines": []}, "strategies/services/__init__.py": {"executed_lines": [1, 5, 7], "summary": {"covered_lines": 2, "num_statements": 2, "percent_covered": 100.0, "percent_covered_display": "100", "missing_lines": 0, "excluded_lines": 0}, "missing_lines": [], "excluded_lines": []}, "strategies/services/depth_analyzer.py": {"executed_lines": [1, 12, 13, 14, 15, 16, 17, 19, 22, 23, 24, 26, 27, 30, 31, 32, 33, 36, 37, 38, 41, 42, 43, 44, 45, 48, 49, 50, 51, 52, 55, 56, 59, 60, 61, 64, 65, 68, 69, 70, 72, 73, 75, 76, 78, 79, 80, 82, 83, 86, 87, 97, 111, 112, 113, 116, 119, 122, 127, 129, 136, 155, 156, 159, 160, 161, 164, 165, 166, 168, 169, 172, 173, 174, 177, 178, 179, 182, 187, 188, 189, 190, 191, 194, 195, 198, 199, 200, 203, 204, 207, 237, 238, 241, 242, 245, 246, 248, 250, 252, 254, 256, 258, 271, 275, 276, 278, 279, 281, 285, 286, 287, 288, 291, 292, 293, 294, 295, 296, 297, 298, 303, 304, 306, 318, 325, 328, 331, 334, 336, 340, 344, 348, 350, 367, 369, 372, 373, 375, 377, 379, 382, 386, 390, 395, 397, 398, 404, 408], "summary": {"covered_lines": 145, "num_statements": 154, "percent_covered": 94.15584415584415, "percent_covered_display": "94", "missing_lines": 9, "excluded_lines": 0}, "missing_lines": [272, 282, 300, 301, 326, 370, 405, 406, 409], "excluded_lines": []}, "strategies/utils/__init__.py": {"executed_lines": [1, 8, 9, 11], "summary": {"covered_lines": 3, "num_statements": 3, "percent_covered": 100.0, "percent_covered_display": "100", "missing_lines": 0, "excluded_lines": 0}, "missing_lines": [], "excluded_lines": []}, "strategies/utils/circuit_breaker.py": {"executed_lines": [1, 8, 9, 10, 11, 12, 14, 17, 18, 20, 21, 22, 25, 26, 28, 44, 45, 46, 47, 50, 51, 52, 53, 56, 57, 58, 60, 70, 71, 73, 75, 78, 79, 81, 83, 86, 87, 89, 91, 93, 96, 97, 98, 99, 100, 101, 102, 104, 106, 109, 110, 111, 112, 113, 114, 115, 117, 119, 121, 122, 131, 133, 135, 148, 152, 154, 163, 165, 166, 167, 169, 175, 177, 179, 181, 182, 183, 184, 186, 191, 197, 204, 223, 230, 236, 242, 247, 252, 258, 259, 261], "summary": {"covered_lines": 87, "num_statements": 124, "percent_covered": 70.16129032258064, "percent_covered_display": "70", "missing_lines": 37, "excluded_lines": 0}, "missing_lines": [94, 107, 123, 124, 125, 127, 129, 137, 141, 142, 150, 155, 156, 157, 171, 172, 173, 188, 189, 199, 206, 225, 226, 227, 228, 232, 233, 234, 238, 239, 240, 244, 245, 249, 250, 254, 255], "excluded_lines": []}, "strategies/utils/logger.py": {"executed_lines": [1, 8, 9, 10, 12, 14, 17, 28, 35, 58, 61, 67, 70, 80, 81, 83, 86, 99, 102, 115], "summary": {"covered_lines": 19, "num_statements": 19, "percent_covered": 100.0, "percent_covered_display": "100", "missing_lines": 0, "excluded_lines": 0}, "missing_lines": [], "excluded_lines": []}, "strategies/utils/metrics.py": {"executed_lines": [1, 11, 12, 14, 17, 18, 25, 26, 32, 39, 42, 49, 56, 57, 65, 72, 79, 86, 92, 99, 101, 112, 116, 117, 119, 121, 128, 130, 141, 142, 143, 145, 147, 156, 160, 172, 182, 190, 191, 192, 194, 196, 203, 205, 206, 216, 217, 218, 219, 220, 221, 223, 227, 230, 238, 239, 240, 243, 250, 253, 254, 267, 281, 282, 283, 284, 285, 287, 289, 290, 292, 294, 295, 298, 301, 302, 305, 306, 307, 311, 316, 318, 326, 327, 330], "summary": {"covered_lines": 82, "num_statements": 85, "percent_covered": 96.47058823529412, "percent_covered_display": "96", "missing_lines": 3, "excluded_lines": 0}, "missing_lines": [19, 21, 22], "excluded_lines": []}, "tests/__init__.py": {"executed_lines": [1], "summary": {"covered_lines": 0, "num_statements": 0, "percent_covered": 100.0, "percent_covered_display": "100", "missing_lines": 0, "excluded_lines": 0}, "missing_lines": [], "excluded_lines": []}, "tests/conftest.py": {"executed_lines": [1, 5, 7, 8, 11, 12, 17, 18, 25, 26, 28, 47, 48, 66, 67], "summary": {"covered_lines": 14, "num_statements": 20, "percent_covered": 70.0, "percent_covered_display": "70", "missing_lines": 6, "excluded_lines": 0}, "missing_lines": [14, 20, 21, 22, 50, 69], "excluded_lines": []}, "tests/fixtures/market_data_realistic.py": {"executed_lines": [1, 3, 6, 16, 34, 44, 55, 69, 81, 114, 116, 118, 119, 121, 122, 123, 125, 129, 134, 141], "summary": {"covered_lines": 19, "num_statements": 33, "percent_covered": 57.57575757575758, "percent_covered_display": "58", "missing_lines": 14, "excluded_lines": 0}, "missing_lines": [83, 85, 86, 87, 89, 91, 92, 93, 95, 96, 97, 99, 109, 111], "excluded_lines": []}, "tests/test_basic.py": {"executed_lines": [1, 5, 7, 13, 14, 17, 18, 19, 21, 23, 38, 40, 41, 42, 43, 44, 45, 47, 49, 61, 63, 64, 65, 66, 68, 70, 95, 97, 98, 99, 100, 103, 104, 105, 107, 109, 119, 120, 121, 122, 123, 125, 128, 129, 140, 141, 142, 144, 146, 158, 159, 160, 161, 162, 163, 165, 168, 169, 182, 183, 184, 186, 188, 190, 191, 192, 193, 194, 195, 197, 200, 201], "summary": {"covered_lines": 67, "num_statements": 67, "percent_covered": 100.0, "percent_covered_display": "100", "missing_lines": 0, "excluded_lines": 0}, "missing_lines": [], "excluded_lines": []}, "tests/test_circuit_breaker.py": {"executed_lines": [1, 5, 6, 8, 10, 17, 18, 20, 22, 24, 25, 26, 27, 28, 30, 32, 34, 35, 36, 38, 40, 41, 42, 43, 45, 47, 49, 50, 51, 53, 54, 56, 57, 58, 60, 62, 64, 65, 66, 69, 70, 71, 72, 74, 76, 78, 80, 81, 82, 83, 84, 87, 88, 90, 93, 95, 96, 98, 99, 101, 103, 104, 105, 106, 108, 110, 111, 112, 114, 115, 117, 119, 120, 121, 122, 124, 125, 127, 128, 130, 131, 133, 135, 136, 137, 140, 141, 142, 143, 145, 147, 149, 151, 152, 153, 154, 155, 158, 159, 160, 161, 162, 163, 165, 166, 167, 170, 171, 173, 175, 177, 178, 179, 180, 181, 182, 186, 187, 189, 192, 193, 195, 197, 199, 200, 201, 202, 203, 206, 207, 208, 210, 213, 214, 215], "summary": {"covered_lines": 132, "num_statements": 133, "percent_covered": 99.24812030075188, "percent_covered_display": "99", "missing_lines": 1, "excluded_lines": 0}, "missing_lines": [183], "excluded_lines": []}, "tests/test_config_api.py": {"executed_lines": [1, 12, 14, 15, 18, 19, 21, 22, 24, 25, 27, 28, 30, 31, 32, 34, 36, 37, 39, 45, 47, 48, 50, 51, 53, 57, 59, 60, 61, 63, 64, 66, 70, 72, 73, 74, 76, 77, 79, 83, 85, 86, 87, 89, 90, 92, 96, 98, 99, 100, 102, 103, 106, 112, 114, 116, 117, 120, 124, 126, 128, 129, 131, 135, 137, 138, 139, 141, 142, 144, 145, 147, 149, 152, 155, 160, 162, 163, 165, 167, 170, 171, 172, 173, 174, 175, 176, 177, 178, 181, 182, 183, 185, 186, 188, 191, 193, 194, 195, 196, 197, 200, 201, 203, 205, 207, 209, 210, 211, 212, 214, 216, 218, 220, 221, 222, 223, 225, 227, 229, 231, 232, 233, 234, 237], "summary": {"covered_lines": 121, "num_statements": 121, "percent_covered": 100.0, "percent_covered_display": "100", "missing_lines": 0, "excluded_lines": 2}, "missing_lines": [], "excluded_lines": [237, 238]}, "tests/test_consumer.py": {"executed_lines": [1, 5, 6, 7, 9, 11, 20, 21, 23, 24, 26, 28, 29, 30, 31, 33, 35, 60, 62, 63, 64, 65, 66, 68, 70, 82, 84, 85, 86, 87, 88, 89, 91, 93, 102, 104, 105, 106, 107, 108, 109, 110, 112, 114, 119, 122, 124, 126, 131, 134, 136, 138, 147, 149, 150, 151, 152, 154, 156, 184, 186, 187, 188, 190, 192, 207, 209, 210, 211, 213, 215, 227, 229, 230, 231, 233, 235, 237, 239, 241, 243, 248, 250, 253, 254, 256, 257, 259, 261, 263, 264, 265, 266, 267, 268, 269, 270, 271, 273, 274, 276, 289, 291, 292, 294, 310, 312, 313, 315, 344, 346, 347, 349, 362, 364, 365, 367, 383, 385, 386, 388, 417, 419, 420, 422, 425, 430, 431, 434, 438, 439, 441, 444, 449, 450, 452, 481], "summary": {"covered_lines": 134, "num_statements": 134, "percent_covered": 100.0, "percent_covered_display": "100", "missing_lines": 0, "excluded_lines": 0}, "missing_lines": [], "excluded_lines": []}, "tests/test_coverage_boost.py": {"executed_lines": [1, 3, 4, 5, 6, 9, 10, 12, 14, 16, 18, 19, 22, 23, 25, 27, 29, 31, 32, 35, 36, 38, 40, 42, 44, 45, 48, 49, 51, 53, 55, 57, 60, 61, 63, 65, 67, 70], "summary": {"covered_lines": 32, "num_statements": 32, "percent_covered": 100.0, "percent_covered_display": "100", "missing_lines": 0, "excluded_lines": 0}, "missing_lines": [], "excluded_lines": []}, "tests/test_defaults.py": {"executed_lines": [1, 5, 8, 9, 11, 13, 16, 17, 19, 22, 28, 30, 33, 39, 41, 43, 46, 48, 50, 53], "summary": {"covered_lines": 18, "num_statements": 18, "percent_covered": 100.0, "percent_covered_display": "100", "missing_lines": 0, "excluded_lines": 0}, "missing_lines": [], "excluded_lines": []}, "tests/test_depth_analyzer.py": {"executed_lines": [1, 10, 12, 14, 17, 18, 20, 22, 24, 25, 27, 29, 30, 31, 32, 33, 34, 36, 38, 41, 42, 44, 47, 48, 49, 50, 52, 54, 57, 58, 60, 64, 65, 66, 68, 70, 72, 73, 75, 77, 78, 79, 80, 82, 84, 86, 89, 90, 92, 95, 97, 99, 101, 103, 104, 106, 108, 109, 110, 111, 113, 115, 118, 119, 120, 121, 124, 126, 127, 128, 131, 132, 134, 136, 139, 140, 141, 142, 144, 146, 147, 149, 151, 154, 155, 156, 157, 159, 161, 162, 164, 166, 169, 170, 171, 173, 175, 176, 177, 178, 179, 180, 181, 183, 198, 211, 213, 215, 218, 219, 221, 222, 229, 231, 233, 235, 237, 240, 241, 242, 245, 246, 249, 250, 253, 254, 257, 259, 261, 264, 265, 267, 270, 271, 273, 274, 276, 278, 280, 282, 283, 284, 285, 286, 287, 289, 291, 294, 295, 296, 299, 300, 301, 304, 306, 308, 310, 311, 313, 315, 317, 318, 320, 322, 324, 325, 327, 328, 330, 332, 333, 334, 336, 338, 340, 341, 344, 345, 352, 354, 356, 358, 360, 361, 363, 364, 366, 368, 369, 372], "summary": {"covered_lines": 187, "num_statements": 203, "percent_covered": 92.11822660098522, "percent_covered_display": "92", "missing_lines": 16, "excluded_lines": 2}, "missing_lines": [185, 187, 188, 189, 191, 193, 194, 195, 196, 200, 202, 203, 205, 207, 208, 209], "excluded_lines": [372, 373]}, "tests/test_iceberg_detector.py": {"executed_lines": [1, 7, 9, 11, 12, 15, 16, 18, 19, 21, 33, 34, 36, 53, 55, 56, 57, 58, 60, 62, 69, 71, 73, 80, 81, 82, 83, 85, 87, 90, 91, 94, 96, 99, 101, 103, 108, 110, 112, 114, 117, 118, 121, 122, 124, 131, 132, 134, 136, 139, 140, 142, 143, 145, 150, 151, 153, 155, 158, 159, 160, 162, 163, 164, 165, 167, 169, 170, 172, 177, 178, 180, 182, 184, 187, 188, 189, 191, 192, 193, 194, 196, 198, 199, 201, 205, 207, 209, 213, 214, 216, 220, 222, 225, 226, 235, 237, 239, 241, 243, 245, 249, 254, 257, 258, 260, 268, 270, 274, 278, 281, 282, 284, 292, 294, 297, 298, 300, 306, 308, 310, 311, 312, 315, 316, 322, 323, 325, 327, 333, 339, 340, 342, 344, 347, 355, 364, 365, 367, 369, 372, 373, 374, 376, 377, 378, 379, 381, 383, 384, 386, 391, 393, 394, 395, 396, 397, 398, 399, 400, 403, 404, 405, 406, 407, 408, 409, 410, 413, 414, 415, 419, 424, 425, 426, 429, 434, 438, 441, 442, 443, 445, 446, 447, 448, 450, 452, 453, 455, 459, 460, 461, 463, 466, 468, 469, 470, 472, 473, 474, 475, 477, 479, 480, 482, 486, 490, 493, 495, 496, 497, 499, 500, 501, 502, 504, 506, 507, 509, 513, 517, 519, 522, 523, 524, 526, 527, 528, 529, 531, 533, 534, 536, 540, 542, 543, 544, 545, 546, 547, 548, 549, 551, 552], "summary": {"covered_lines": 242, "num_statements": 246, "percent_covered": 98.3739837398374, "percent_covered_display": "98", "missing_lines": 4, "excluded_lines": 0}, "missing_lines": [487, 488, 514, 515], "excluded_lines": []}, "tests/test_integration_simple.py": {"executed_lines": [1, 7, 10, 11, 13, 15, 17, 19, 21, 23, 25, 27, 28, 29, 30, 31, 33, 34, 35, 36, 37, 39, 41, 43, 44, 45, 47, 49, 51, 52, 53, 56, 57, 59, 61, 64, 65, 67, 69, 76, 77, 78, 81, 82, 83, 84, 85, 88, 89, 90, 92, 94, 97, 98, 101, 102, 103, 104, 107, 108, 109], "summary": {"covered_lines": 58, "num_statements": 58, "percent_covered": 100.0, "percent_covered_display": "100", "missing_lines": 0, "excluded_lines": 0}, "missing_lines": [], "excluded_lines": []}, "tests/test_logger.py": {"executed_lines": [1, 5, 8, 9, 11, 13, 15, 16, 17, 18, 19, 21, 23, 25, 27, 30, 31, 33, 35, 36, 38, 40, 41, 43, 44, 46, 48, 50, 52, 54, 56, 57, 59, 61, 63, 65, 66, 70], "summary": {"covered_lines": 36, "num_statements": 36, "percent_covered": 100.0, "percent_covered_display": "100", "missing_lines": 0, "excluded_lines": 0}, "missing_lines": [], "excluded_lines": []}, "tests/test_main.py": {"executed_lines": [1, 5, 8, 9, 11, 13, 15, 17, 19, 21, 23, 25, 28], "summary": {"covered_lines": 11, "num_statements": 11, "percent_covered": 100.0, "percent_covered_display": "100", "missing_lines": 0, "excluded_lines": 0}, "missing_lines": [], "excluded_lines": []}, "tests/test_market_data_edges.py": {"executed_lines": [1, 5, 7, 9, 18, 19, 20, 21, 22, 25, 26, 27, 36, 45, 46, 48, 51, 52, 53, 65, 76, 77, 78, 79, 82, 83, 84, 109, 133, 134, 135, 136, 137, 138, 141, 142, 143, 145, 153, 154, 155, 156, 157, 158], "summary": {"covered_lines": 43, "num_statements": 43, "percent_covered": 100.0, "percent_covered_display": "100", "missing_lines": 0, "excluded_lines": 0}, "missing_lines": [], "excluded_lines": []}, "tests/test_metrics.py": {"executed_lines": [1, 5, 6, 8, 10, 11, 19, 20, 22, 24, 25, 26, 27, 28, 29, 31, 33, 36, 40, 42, 45, 46, 47, 49, 51, 54, 58, 60, 63, 64, 65, 67, 69, 72, 73, 74, 76, 78, 81, 82, 84, 86, 89, 90, 92, 93, 95, 98, 99, 102, 103, 106, 107, 110, 111, 114, 115, 117, 119, 120, 121, 123, 126, 129, 130, 131, 134, 135, 137, 139, 141, 145, 149, 151, 153, 157, 159, 161, 163, 165, 166, 169, 173, 175, 177, 181, 183, 185, 187, 189, 191, 195, 199, 202, 205, 209, 215, 218, 229, 233, 235, 238, 239, 241, 244, 247, 248, 251, 254, 258, 259, 262, 265, 270, 274, 276, 278, 279, 281, 282, 283, 287, 288, 292, 294, 297, 298, 299, 301, 302, 304, 305, 308], "summary": {"covered_lines": 128, "num_statements": 128, "percent_covered": 100.0, "percent_covered_display": "100", "missing_lines": 0, "excluded_lines": 0}, "missing_lines": [], "excluded_lines": []}, "tests/test_metrics_integration.py": {"executed_lines": [1, 8, 9, 10, 11, 12, 14, 16, 17, 18, 21, 22, 24, 25, 26, 27, 30, 31, 33, 35, 38, 39, 42, 45, 54, 57, 58, 60, 61, 65, 68, 80, 81, 84, 87, 88, 90, 91, 95, 98, 99, 102, 105, 107, 108, 112, 117, 132, 133, 136, 139, 140, 142, 143, 145, 148, 160, 161, 162, 165, 180, 181, 184, 186, 187, 191, 194, 195, 198, 202, 209, 219, 220, 222, 225, 237, 238, 241, 244, 246, 247, 251, 254, 255, 257, 260, 272, 273, 276, 279, 281, 282, 286, 289, 290, 292, 295, 307, 308, 311, 314, 317, 318, 320, 322, 325, 328, 331, 332, 334, 336, 339, 340, 341, 343, 344, 345, 348, 349, 351, 353, 356, 357, 358, 362, 364, 367, 369, 371, 374, 376, 378, 381, 384, 385, 387, 388, 390, 392, 393, 394, 395, 396, 399, 400, 404, 406, 409, 410, 413, 414, 417, 418, 420, 422, 424, 426, 429, 433, 435, 437, 439, 441, 444, 448, 450, 452, 454, 457, 460, 461, 465, 467, 469, 472, 473, 476, 477], "summary": {"covered_lines": 172, "num_statements": 172, "percent_covered": 100.0, "percent_covered_display": "100", "missing_lines": 0, "excluded_lines": 0}, "missing_lines": [], "excluded_lines": []}, "tests/test_nats_trace_propagation.py": {"executed_lines": [1, 11, 12, 14, 15, 16, 17, 18, 19, 21, 22, 23, 26, 27, 29, 32, 33, 35, 36, 37, 38, 41, 42, 44, 45, 46, 49, 50, 52, 53, 56, 57, 59, 60, 67, 70, 71, 73, 76, 77, 78, 81, 82, 84, 94, 95, 97, 104, 106, 107, 108, 109, 112, 113, 117, 120, 123, 126, 129, 130, 133, 136, 137, 138, 141, 142, 143, 146, 147, 151, 154, 157, 160, 163, 164, 167, 170, 171, 176, 189, 191, 194, 197, 198, 199, 204, 206, 207, 210, 211, 215, 218, 221, 224, 227], "summary": {"covered_lines": 94, "num_statements": 94, "percent_covered": 100.0, "percent_covered_display": "100", "missing_lines": 0, "excluded_lines": 0}, "missing_lines": [], "excluded_lines": []}, "tests/test_orders.py": {"executed_lines": [1, 5, 6, 8, 9, 11, 23, 24, 26, 28, 40, 41, 42, 43, 44, 46, 48, 61, 62, 64, 66, 80, 81, 83, 85, 98, 100, 102, 108, 121, 123, 125, 126, 138, 140, 152, 154, 156, 157, 169, 171, 172, 184, 186, 187, 200, 202, 203, 215, 217, 218, 230, 232, 244, 246, 248, 260, 262, 264, 276, 278, 280, 292, 294, 296, 308, 310, 312, 325, 327, 329, 342, 344, 346, 358, 359, 361, 363, 375, 376, 378, 380, 393, 395, 397, 409, 411, 413, 414, 416, 428, 430, 431, 432, 433, 434, 435, 436, 438, 440, 453, 455, 457, 459, 472, 474, 477, 478, 480, 482, 488, 489, 490, 492, 494, 500, 502, 504, 510, 513, 514, 516, 518, 538, 539, 541, 543, 563, 565, 567, 587, 589, 591, 610, 612, 614, 633, 635, 637, 656, 658, 660, 680, 682, 684, 704, 706, 708, 728, 730, 732, 752, 755, 756, 758, 760, 762, 763, 765, 767, 769, 781, 785, 787, 788, 789, 790, 791, 792, 793, 795, 797, 800, 811, 814, 817, 829, 832, 834, 835, 836, 837, 838, 840, 842, 844, 846, 848, 850, 852, 863, 866, 868, 870, 871, 872, 873, 874, 875, 876], "summary": {"covered_lines": 195, "num_statements": 195, "percent_covered": 100.0, "percent_covered_display": "100", "missing_lines": 0, "excluded_lines": 0}, "missing_lines": [], "excluded_lines": []}, "tests/test_publisher.py": {"executed_lines": [1, 7, 8, 9, 10, 12, 14, 15, 18, 19, 21, 22, 23, 24, 25, 26, 29, 30, 32, 38, 39, 41, 44, 45, 48, 61, 64, 65, 68, 71, 72, 74, 75, 78, 79, 80, 81, 82, 85, 86, 89, 90, 93, 104, 107, 110, 111, 113, 114, 117, 120, 121, 124, 125, 137, 140, 141, 144, 145, 148, 149, 152, 154, 165, 166, 169, 172, 173, 175, 176, 178, 189, 192, 193, 194, 195, 196, 199, 200, 202, 218, 221, 222, 224, 225, 226, 227, 230, 231, 233, 264, 265, 268, 269, 272, 273, 275, 286, 289, 290, 295, 296, 297, 298, 302, 303, 306, 307, 308, 309, 311, 321, 324, 327, 328, 329, 330, 331, 332, 333, 336, 337], "summary": {"covered_lines": 121, "num_statements": 121, "percent_covered": 100.0, "percent_covered_display": "100", "missing_lines": 0, "excluded_lines": 0}, "missing_lines": [], "excluded_lines": []}, "tests/test_publisher_advanced.py": {"executed_lines": [1, 8, 9, 11, 13, 14, 17, 18, 20, 23, 24, 26, 31, 33, 37, 38, 39, 40, 41, 42, 43, 44, 45, 46, 47, 50, 52, 53, 56, 58, 59, 60, 63, 65, 66, 69, 70, 72, 73, 75, 76, 77, 81, 83, 86, 87, 89, 93, 97, 98, 101, 102, 105, 106, 107, 108, 110, 113, 116, 117, 120, 121, 122, 123, 124, 125, 127, 129, 130, 131, 133, 134, 137, 138, 141, 143, 146, 147, 148, 151, 152, 154, 158, 161, 163, 174, 175, 177, 180, 183, 184, 186, 187, 188, 191, 192, 194, 197, 200, 203, 204, 209], "summary": {"covered_lines": 101, "num_statements": 102, "percent_covered": 99.01960784313725, "percent_covered_display": "99", "missing_lines": 1, "excluded_lines": 0}, "missing_lines": [79], "excluded_lines": []}, "tests/test_signal_adapter.py": {"executed_lines": [1, 8, 10, 12, 19, 22, 23, 25, 27, 38, 40, 41, 42, 43, 44, 45, 46, 47, 48, 49, 50, 51, 52, 54, 56, 67, 69, 70, 71, 72, 73, 74, 75, 76, 77, 79, 81, 91, 93, 94, 95, 97, 99, 109, 111, 112, 113, 114, 116, 118, 119, 130, 132, 133, 134, 136, 138, 149, 151, 152, 153, 154, 155, 157, 159, 169, 171, 172, 173, 174, 176, 178, 188, 190, 191, 192, 193, 196, 197, 199, 201, 202, 204, 206, 207, 209, 211, 212, 214, 216, 217, 220, 221, 223, 225, 226, 227, 229, 231, 232, 233, 235, 237, 238, 239, 242, 243, 245, 247, 248, 250, 252, 253, 255, 257, 258, 260, 262, 263, 265, 267, 268, 270, 272, 273, 276, 277, 279, 281, 292, 294, 296, 299, 308, 309, 310, 313, 322, 323, 324, 326, 328, 336, 337, 347, 348, 351], "summary": {"covered_lines": 140, "num_statements": 140, "percent_covered": 100.0, "percent_covered_display": "100", "missing_lines": 0, "excluded_lines": 2}, "missing_lines": [], "excluded_lines": [351, 352]}, "tests/test_signals.py": {"executed_lines": [1, 5, 6, 8, 9, 11, 22, 23, 25, 27, 37, 38, 39, 40, 41, 43, 45, 55, 56, 57, 59, 61, 71, 72, 74, 76, 86, 88, 90, 100, 102, 104, 110, 121, 122, 124, 126, 127, 137, 139, 149, 151, 153, 154, 164, 166, 167, 177, 179, 189, 190, 192, 194, 204, 206, 208, 209, 210, 212, 214, 215, 216, 217, 218, 220, 222, 223, 224, 226, 228, 238, 239, 240, 242, 244, 254, 255, 256, 258, 260, 270, 271, 272, 274, 276, 286, 287, 288, 290, 292, 302, 303, 304, 306, 308, 318, 319, 320, 323, 324, 326, 328, 338, 347, 348, 349, 351, 353, 364, 370, 371, 372, 375, 376, 378, 380, 390, 396, 406, 407, 409, 411, 421, 431, 448, 450, 452, 462, 476, 478, 480, 490, 500, 517, 519, 522, 523, 524, 533, 538, 547, 551, 561, 563, 566, 568, 577, 581, 590, 594, 604, 607, 608, 610, 612, 614, 615, 617, 619, 621, 631, 633, 634, 635, 636, 637, 638, 640, 642, 645, 654, 657, 666, 668, 669, 670, 671, 673, 675, 677, 679, 681, 683, 685, 695, 705, 706, 708, 710, 712], "summary": {"covered_lines": 185, "num_statements": 185, "percent_covered": 100.0, "percent_covered_display": "100", "missing_lines": 0, "excluded_lines": 0}, "missing_lines": [], "excluded_lines": []}, "tests/test_spread_liquidity.py": {"executed_lines": [1, 7, 9, 11, 14, 15, 17, 18, 20, 31, 32, 34, 51, 52, 54, 71, 73, 74, 75, 76, 77, 79, 81, 88, 90, 93, 100, 102, 103, 104, 105, 106, 107, 109, 114, 115, 123, 130, 132, 135, 136, 148, 156, 168, 171, 172, 179, 187, 188, 195, 203, 206, 208, 210, 212, 214, 219, 223, 225, 227, 228, 229, 232, 233, 239, 240, 242, 244, 250, 256, 257, 258, 260, 263, 269, 271, 277, 279, 280, 281, 283, 286, 287, 290, 291, 293, 301, 302, 304, 312, 314, 317, 318, 320, 328, 330, 333, 334, 337, 338, 339, 347, 348, 350, 358, 360, 363, 364, 367, 375, 379, 382, 383, 384, 385], "summary": {"covered_lines": 113, "num_statements": 119, "percent_covered": 94.95798319327731, "percent_covered_display": "95", "missing_lines": 6, "excluded_lines": 0}, "missing_lines": [157, 159, 160, 165, 166, 204], "excluded_lines": []}, "tests/test_spread_metrics_complete.py": {"executed_lines": [1, 8, 10, 12, 15, 17, 31, 32, 33, 36, 38, 39, 54, 56, 57, 72, 74, 75, 90, 92, 93, 108, 110, 124, 126, 127, 128, 131, 133, 147, 149, 164, 165], "summary": {"covered_lines": 32, "num_statements": 32, "percent_covered": 100.0, "percent_covered_display": "100", "missing_lines": 0, "excluded_lines": 0}, "missing_lines": [], "excluded_lines": []}, "tests/test_strategies_with_fixtures.py": {"executed_lines": [1, 3, 4, 6, 15, 16, 17, 20, 21, 23, 25, 27, 42, 44, 47, 48, 62, 64, 66, 68, 69, 83, 84, 86, 88, 91, 92, 106, 108, 111, 112, 113, 127, 128, 130, 132, 135, 136, 151, 153, 156, 157, 158, 172, 173, 175, 177, 179, 181, 182, 195, 197, 199, 200, 201, 215, 216, 218, 220, 222, 224, 225, 226, 227], "summary": {"covered_lines": 58, "num_statements": 89, "percent_covered": 65.1685393258427, "percent_covered_display": "65", "missing_lines": 31, "excluded_lines": 0}, "missing_lines": [36, 39, 40, 56, 59, 60, 77, 79, 80, 100, 103, 104, 121, 123, 124, 144, 147, 148, 149, 166, 168, 169, 190, 192, 193, 209, 211, 212, 235, 237, 238], "excluded_lines": []}, "tests/unit/test_strategies.py": {"executed_lines": [1, 3, 5, 8, 10, 11, 13, 14, 15, 16, 19, 20, 22, 23, 25, 26, 27, 28], "summary": {"covered_lines": 18, "num_statements": 18, "percent_covered": 100.0, "percent_covered_display": "100", "missing_lines": 0, "excluded_lines": 0}, "missing_lines": [], "excluded_lines": []}}, "totals": {"covered_lines": 4500, "num_statements": 5687, "percent_covered": 79.12783541410234, "percent_covered_display": "79", "missing_lines": 1187, "excluded_lines": 32}}